<?xml version="1.0" encoding="UTF-8"?>
<testng-results skipped="0" failed="0" ignored="0" total="1" passed="1">
  <reporter-output>
  </reporter-output>
  <suite name="Craftsvilla" duration-ms="184601" started-at="2019-04-06T15:24:22Z" finished-at="2019-04-06T15:27:27Z">
    <groups>
    </groups>
    <test name="Regression" duration-ms="184601" started-at="2019-04-06T15:24:22Z" finished-at="2019-04-06T15:27:27Z">
      <class name="com.craftsvilla.testscripts.LoginScripts">
        <test-method status="PASS" signature="openApplication(java.lang.String)[pri:0, instance:com.craftsvilla.testscripts.LoginScripts@bd8db5a]" name="openApplication" is-config="true" duration-ms="33856" started-at="2019-04-06T15:24:23Z" finished-at="2019-04-06T15:24:56Z">
          <params>
            <param index="0">
              <value>
                <![CDATA[chrome]]>
              </value>
            </param>
          </params>
          <reporter-output>
          </reporter-output>
        </test-method> <!-- openApplication -->
        <test-method status="PASS" signature="TC_01_LoginToApp()[pri:0, instance:com.craftsvilla.testscripts.LoginScripts@bd8db5a]" name="TC_01_LoginToApp" duration-ms="149219" started-at="2019-04-06T15:24:56Z" finished-at="2019-04-06T15:27:26Z">
          <reporter-output>
          </reporter-output>
        </test-method> <!-- TC_01_LoginToApp -->
        <test-method status="PASS" signature="closeBrowser()[pri:0, instance:com.craftsvilla.testscripts.LoginScripts@bd8db5a]" name="closeBrowser" is-config="true" duration-ms="1330" started-at="2019-04-06T15:27:26Z" finished-at="2019-04-06T15:27:27Z">
          <reporter-output>
          </reporter-output>
        </test-method> <!-- closeBrowser -->
      </class> <!-- com.craftsvilla.testscripts.LoginScripts -->
    </test> <!-- Regression -->
  </suite> <!-- Craftsvilla -->
</testng-results>
